n/cambot1_0003.jpg
n/cambot1_0005.jpg
n/cambot1_0028.jpg
n/cambot1_0004.jpg
n/cambot1_0000.jpg
n/cambot1_0001.jpg
n/cambot1_0002.jpg
n/cambot1_0006.jpg
n/cambot1_0026.jpg
n/cambot1_000sdf0.jpg
n/cambot1_0031.jpg
n/cambot1_0025.jpg
n/cambot1_0sdf03.jpg
n/cambot1_0017.jpg
n/cambot1_0015.jpg
n/cambot1_00sdf05.jpg
n/cambot1_0021.jpg
n/cambot1_0019.jpg
n/cambot1_0012.jpg
n/cambot1_sdfsdf004.jpg
n/cambot1_0032.jpg
n/cambot1_0018.jpg
n/cambot1_0sdf02.jpg
n/cambot1_0016.jpg
n/cambot1_0014.jpg
n/cambot1_0022.jpg
n/cambot1_0023.jpg
n/cambot1_0010.jpg
n/cambot1_0008.jpg
n/cambot1_0011.jpg
n/cambot1_00sdfsdf06.jpg
n/cambot1_0009.jpg
n/cambot1_0027.jpg
n/cambot1_0030.jpg
n/cambot1_0020.jpg
n/cambot1_0013.jpg
n/cambot1_00sdf01.jpg
n/cambot1_0029.jpg
n/cambot1_0024.jpg
n/cambot1_0007.jpg