p/cambot_1_0000.jpg 1 0 0 480 640
p/cambot_2_0009.jpg 1 0 0 480 640
p/cambot_2_0008.jpg 1 0 0 480 640
p/cambot_3_0009.jpg 1 0 0 480 640
p/cambot_2_0004.jpg 1 0 0 480 640
p/cambot_3_0004.jpg 1 0 0 480 640
p/cambot_1_0004.jpg 1 0 0 480 640
p/cambot_2_0005.jpg 1 0 0 480 640
p/cambot_3_0007.jpg 1 0 0 480 640
p/cambot_1_0002.jpg 1 0 0 480 640
p/cambot_1_0009.jpg 1 0 0 480 640
p/cambot_2_0006.jpg 1 0 0 480 640
p/cambot_2_0001.jpg 1 0 0 480 640
p/cambot_2_0007.jpg 1 0 0 480 640
p/cambot_1_0003.jpg 1 0 0 480 640
p/cambot_1_0001.jpg 1 0 0 480 640
p/cambot_3_0006.jpg 1 0 0 480 640
p/cambot_3_0005.jpg 1 0 0 480 640
p/cambot_3_0003.jpg 1 0 0 480 640
p/cambot_2_0000.jpg 1 0 0 480 640
p/cambot_3_0001.jpg 1 0 0 480 640
p/cambot_1_0007.jpg 1 0 0 480 640
p/cambot_3_0002.jpg 1 0 0 480 640
p/cambot_1_0006.jpg 1 0 0 480 640
p/cambot_2_0003.jpg 1 0 0 480 640
p/cambot_1_0005.jpg 1 0 0 480 640
p/cambot_3_0000.jpg 1 0 0 480 640
p/cambot_1_0008.jpg 1 0 0 480 640
p/cambot_3_0008.jpg 1 0 0 480 640
p/cambot_2_0002.jpg 1 0 0 480 640